CRITICAL - 2024-11-06 08:36:05 --> Error: Undefined constant "App\Controllers\this"
[Method: POST, Route: products/add]
in APPPATH\Controllers\Products.php on line 27.
 1 SYSTEMPATH\CodeIgniter.php(933): App\Controllers\Products->add()
 2 SYSTEMPATH\CodeIgniter.php(509): CodeIgniter\CodeIgniter->runController(Object(App\Controllers\Products))
 3 SYSTEMPATH\CodeIgniter.php(355): CodeIgniter\CodeIgniter->handleRequest(null, Object(Config\Cache), false)
 4 SYSTEMPATH\Boot.php(325): CodeIgniter\CodeIgniter->run()
 5 SYSTEMPATH\Boot.php(67): CodeIgniter\Boot::runCodeIgniter(Object(CodeIgniter\CodeIgniter))
 6 FCPATH\index.php(57): CodeIgniter\Boot::bootWeb(Object(Config\Paths))
CRITICAL - 2024-11-06 08:59:18 --> ErrorException: Undefined variable $post_Data
[Method: POST, Route: products/edit/5]
in APPPATH\Controllers\Products.php on line 74.
 1 APPPATH\Controllers\Products.php(74): CodeIgniter\Debug\Exceptions->errorHandler(2, 'Undefined variable $post_Data', 'C:\\xampp\\htdocs\\sample_view\\app\\Controllers\\Products.php', 74)
 2 SYSTEMPATH\CodeIgniter.php(933): App\Controllers\Products->edit('5')
 3 SYSTEMPATH\CodeIgniter.php(509): CodeIgniter\CodeIgniter->runController(Object(App\Controllers\Products))
 4 SYSTEMPATH\CodeIgniter.php(355): CodeIgniter\CodeIgniter->handleRequest(null, Object(Config\Cache), false)
 5 SYSTEMPATH\Boot.php(325): CodeIgniter\CodeIgniter->run()
 6 SYSTEMPATH\Boot.php(67): CodeIgniter\Boot::runCodeIgniter(Object(CodeIgniter\CodeIgniter))
 7 FCPATH\index.php(57): CodeIgniter\Boot::bootWeb(Object(Config\Paths))
CRITICAL - 2024-11-06 09:46:07 --> ErrorException: Undefined variable $user
[Method: GET, Route: users/login]
in APPPATH\Views\login_view.php on line 14.
 1 APPPATH\Views\login_view.php(14): CodeIgniter\Debug\Exceptions->errorHandler(2, 'Undefined variable $user', 'C:\\xampp\\htdocs\\sample_view\\app\\Views\\login_view.php', 14)
 2 SYSTEMPATH\View\View.php(234): include('C:\\xampp\\htdocs\\sample_view\\app\\Views\\login_view.php')
 3 SYSTEMPATH\View\View.php(237): CodeIgniter\View\View->CodeIgniter\View\{closure}()
 4 SYSTEMPATH\Common.php(1171): CodeIgniter\View\View->render('login_view', [], true)
 5 APPPATH\Controllers\Users.php(17): view('login_view')
 6 SYSTEMPATH\CodeIgniter.php(933): App\Controllers\Users->login()
 7 SYSTEMPATH\CodeIgniter.php(509): CodeIgniter\CodeIgniter->runController(Object(App\Controllers\Users))
 8 SYSTEMPATH\CodeIgniter.php(355): CodeIgniter\CodeIgniter->handleRequest(null, Object(Config\Cache), false)
 9 SYSTEMPATH\Boot.php(325): CodeIgniter\CodeIgniter->run()
10 SYSTEMPATH\Boot.php(67): CodeIgniter\Boot::runCodeIgniter(Object(CodeIgniter\CodeIgniter))
11 FCPATH\index.php(57): CodeIgniter\Boot::bootWeb(Object(Config\Paths))
CRITICAL - 2024-11-06 09:46:36 --> ErrorException: Undefined variable $post_data
[Method: GET, Route: users/login]
in APPPATH\Controllers\Users.php on line 18.
 1 APPPATH\Controllers\Users.php(18): CodeIgniter\Debug\Exceptions->errorHandler(2, 'Undefined variable $post_data', 'C:\\xampp\\htdocs\\sample_view\\app\\Controllers\\Users.php', 18)
 2 SYSTEMPATH\CodeIgniter.php(933): App\Controllers\Users->login()
 3 SYSTEMPATH\CodeIgniter.php(509): CodeIgniter\CodeIgniter->runController(Object(App\Controllers\Users))
 4 SYSTEMPATH\CodeIgniter.php(355): CodeIgniter\CodeIgniter->handleRequest(null, Object(Config\Cache), false)
 5 SYSTEMPATH\Boot.php(325): CodeIgniter\CodeIgniter->run()
 6 SYSTEMPATH\Boot.php(67): CodeIgniter\Boot::runCodeIgniter(Object(CodeIgniter\CodeIgniter))
 7 FCPATH\index.php(57): CodeIgniter\Boot::bootWeb(Object(Config\Paths))
CRITICAL - 2024-11-06 09:48:00 --> ErrorException: Undefined variable $user
[Method: GET, Route: users/login]
in APPPATH\Views\login_view.php on line 14.
 1 APPPATH\Views\login_view.php(14): CodeIgniter\Debug\Exceptions->errorHandler(2, 'Undefined variable $user', 'C:\\xampp\\htdocs\\sample_view\\app\\Views\\login_view.php', 14)
 2 SYSTEMPATH\View\View.php(234): include('C:\\xampp\\htdocs\\sample_view\\app\\Views\\login_view.php')
 3 SYSTEMPATH\View\View.php(237): CodeIgniter\View\View->CodeIgniter\View\{closure}()
 4 SYSTEMPATH\Common.php(1171): CodeIgniter\View\View->render('login_view', [], true)
 5 APPPATH\Controllers\Users.php(17): view('login_view')
 6 SYSTEMPATH\CodeIgniter.php(933): App\Controllers\Users->login()
 7 SYSTEMPATH\CodeIgniter.php(509): CodeIgniter\CodeIgniter->runController(Object(App\Controllers\Users))
 8 SYSTEMPATH\CodeIgniter.php(355): CodeIgniter\CodeIgniter->handleRequest(null, Object(Config\Cache), false)
 9 SYSTEMPATH\Boot.php(325): CodeIgniter\CodeIgniter->run()
10 SYSTEMPATH\Boot.php(67): CodeIgniter\Boot::runCodeIgniter(Object(CodeIgniter\CodeIgniter))
11 FCPATH\index.php(57): CodeIgniter\Boot::bootWeb(Object(Config\Paths))
CRITICAL - 2024-11-06 09:48:25 --> ErrorException: Undefined variable $title
[Method: GET, Route: users/login]
in APPPATH\Views\layouts\mainlayout.php on line 20.
 1 APPPATH\Views\layouts\mainlayout.php(20): CodeIgniter\Debug\Exceptions->errorHandler(2, 'Undefined variable $title', 'C:\\xampp\\htdocs\\sample_view\\app\\Views\\layouts\\mainlayout.php', 20)
 2 SYSTEMPATH\View\View.php(234): include('C:\\xampp\\htdocs\\sample_view\\app\\Views\\layouts\\mainlayout.php')
 3 SYSTEMPATH\View\View.php(237): CodeIgniter\View\View->CodeIgniter\View\{closure}()
 4 SYSTEMPATH\View\View.php(250): CodeIgniter\View\View->render('layouts/mainlayout', [], true)
 5 SYSTEMPATH\Common.php(1171): CodeIgniter\View\View->render('login_view', [], true)
 6 APPPATH\Controllers\Users.php(17): view('login_view')
 7 SYSTEMPATH\CodeIgniter.php(933): App\Controllers\Users->login()
 8 SYSTEMPATH\CodeIgniter.php(509): CodeIgniter\CodeIgniter->runController(Object(App\Controllers\Users))
 9 SYSTEMPATH\CodeIgniter.php(355): CodeIgniter\CodeIgniter->handleRequest(null, Object(Config\Cache), false)
10 SYSTEMPATH\Boot.php(325): CodeIgniter\CodeIgniter->run()
11 SYSTEMPATH\Boot.php(67): CodeIgniter\Boot::runCodeIgniter(Object(CodeIgniter\CodeIgniter))
12 FCPATH\index.php(57): CodeIgniter\Boot::bootWeb(Object(Config\Paths))
CRITICAL - 2024-11-06 09:48:26 --> ErrorException: Undefined variable $title
[Method: GET, Route: users/login]
in APPPATH\Views\layouts\mainlayout.php on line 20.
 1 APPPATH\Views\layouts\mainlayout.php(20): CodeIgniter\Debug\Exceptions->errorHandler(2, 'Undefined variable $title', 'C:\\xampp\\htdocs\\sample_view\\app\\Views\\layouts\\mainlayout.php', 20)
 2 SYSTEMPATH\View\View.php(234): include('C:\\xampp\\htdocs\\sample_view\\app\\Views\\layouts\\mainlayout.php')
 3 SYSTEMPATH\View\View.php(237): CodeIgniter\View\View->CodeIgniter\View\{closure}()
 4 SYSTEMPATH\View\View.php(250): CodeIgniter\View\View->render('layouts/mainlayout', [], true)
 5 SYSTEMPATH\Common.php(1171): CodeIgniter\View\View->render('login_view', [], true)
 6 APPPATH\Controllers\Users.php(17): view('login_view')
 7 SYSTEMPATH\CodeIgniter.php(933): App\Controllers\Users->login()
 8 SYSTEMPATH\CodeIgniter.php(509): CodeIgniter\CodeIgniter->runController(Object(App\Controllers\Users))
 9 SYSTEMPATH\CodeIgniter.php(355): CodeIgniter\CodeIgniter->handleRequest(null, Object(Config\Cache), false)
10 SYSTEMPATH\Boot.php(325): CodeIgniter\CodeIgniter->run()
11 SYSTEMPATH\Boot.php(67): CodeIgniter\Boot::runCodeIgniter(Object(CodeIgniter\CodeIgniter))
12 FCPATH\index.php(57): CodeIgniter\Boot::bootWeb(Object(Config\Paths))
CRITICAL - 2024-11-06 09:48:26 --> ErrorException: Undefined variable $title
[Method: GET, Route: users/login]
in APPPATH\Views\layouts\mainlayout.php on line 20.
 1 APPPATH\Views\layouts\mainlayout.php(20): CodeIgniter\Debug\Exceptions->errorHandler(2, 'Undefined variable $title', 'C:\\xampp\\htdocs\\sample_view\\app\\Views\\layouts\\mainlayout.php', 20)
 2 SYSTEMPATH\View\View.php(234): include('C:\\xampp\\htdocs\\sample_view\\app\\Views\\layouts\\mainlayout.php')
 3 SYSTEMPATH\View\View.php(237): CodeIgniter\View\View->CodeIgniter\View\{closure}()
 4 SYSTEMPATH\View\View.php(250): CodeIgniter\View\View->render('layouts/mainlayout', [], true)
 5 SYSTEMPATH\Common.php(1171): CodeIgniter\View\View->render('login_view', [], true)
 6 APPPATH\Controllers\Users.php(17): view('login_view')
 7 SYSTEMPATH\CodeIgniter.php(933): App\Controllers\Users->login()
 8 SYSTEMPATH\CodeIgniter.php(509): CodeIgniter\CodeIgniter->runController(Object(App\Controllers\Users))
 9 SYSTEMPATH\CodeIgniter.php(355): CodeIgniter\CodeIgniter->handleRequest(null, Object(Config\Cache), false)
10 SYSTEMPATH\Boot.php(325): CodeIgniter\CodeIgniter->run()
11 SYSTEMPATH\Boot.php(67): CodeIgniter\Boot::runCodeIgniter(Object(CodeIgniter\CodeIgniter))
12 FCPATH\index.php(57): CodeIgniter\Boot::bootWeb(Object(Config\Paths))
CRITICAL - 2024-11-06 09:48:26 --> ErrorException: Undefined variable $title
[Method: GET, Route: users/login]
in APPPATH\Views\layouts\mainlayout.php on line 20.
 1 APPPATH\Views\layouts\mainlayout.php(20): CodeIgniter\Debug\Exceptions->errorHandler(2, 'Undefined variable $title', 'C:\\xampp\\htdocs\\sample_view\\app\\Views\\layouts\\mainlayout.php', 20)
 2 SYSTEMPATH\View\View.php(234): include('C:\\xampp\\htdocs\\sample_view\\app\\Views\\layouts\\mainlayout.php')
 3 SYSTEMPATH\View\View.php(237): CodeIgniter\View\View->CodeIgniter\View\{closure}()
 4 SYSTEMPATH\View\View.php(250): CodeIgniter\View\View->render('layouts/mainlayout', [], true)
 5 SYSTEMPATH\Common.php(1171): CodeIgniter\View\View->render('login_view', [], true)
 6 APPPATH\Controllers\Users.php(17): view('login_view')
 7 SYSTEMPATH\CodeIgniter.php(933): App\Controllers\Users->login()
 8 SYSTEMPATH\CodeIgniter.php(509): CodeIgniter\CodeIgniter->runController(Object(App\Controllers\Users))
 9 SYSTEMPATH\CodeIgniter.php(355): CodeIgniter\CodeIgniter->handleRequest(null, Object(Config\Cache), false)
10 SYSTEMPATH\Boot.php(325): CodeIgniter\CodeIgniter->run()
11 SYSTEMPATH\Boot.php(67): CodeIgniter\Boot::runCodeIgniter(Object(CodeIgniter\CodeIgniter))
12 FCPATH\index.php(57): CodeIgniter\Boot::bootWeb(Object(Config\Paths))
CRITICAL - 2024-11-06 09:48:26 --> ErrorException: Undefined variable $title
[Method: GET, Route: users/login]
in APPPATH\Views\layouts\mainlayout.php on line 20.
 1 APPPATH\Views\layouts\mainlayout.php(20): CodeIgniter\Debug\Exceptions->errorHandler(2, 'Undefined variable $title', 'C:\\xampp\\htdocs\\sample_view\\app\\Views\\layouts\\mainlayout.php', 20)
 2 SYSTEMPATH\View\View.php(234): include('C:\\xampp\\htdocs\\sample_view\\app\\Views\\layouts\\mainlayout.php')
 3 SYSTEMPATH\View\View.php(237): CodeIgniter\View\View->CodeIgniter\View\{closure}()
 4 SYSTEMPATH\View\View.php(250): CodeIgniter\View\View->render('layouts/mainlayout', [], true)
 5 SYSTEMPATH\Common.php(1171): CodeIgniter\View\View->render('login_view', [], true)
 6 APPPATH\Controllers\Users.php(17): view('login_view')
 7 SYSTEMPATH\CodeIgniter.php(933): App\Controllers\Users->login()
 8 SYSTEMPATH\CodeIgniter.php(509): CodeIgniter\CodeIgniter->runController(Object(App\Controllers\Users))
 9 SYSTEMPATH\CodeIgniter.php(355): CodeIgniter\CodeIgniter->handleRequest(null, Object(Config\Cache), false)
10 SYSTEMPATH\Boot.php(325): CodeIgniter\CodeIgniter->run()
11 SYSTEMPATH\Boot.php(67): CodeIgniter\Boot::runCodeIgniter(Object(CodeIgniter\CodeIgniter))
12 FCPATH\index.php(57): CodeIgniter\Boot::bootWeb(Object(Config\Paths))
CRITICAL - 2024-11-06 09:48:27 --> ErrorException: Undefined variable $title
[Method: GET, Route: users/login]
in APPPATH\Views\layouts\mainlayout.php on line 20.
 1 APPPATH\Views\layouts\mainlayout.php(20): CodeIgniter\Debug\Exceptions->errorHandler(2, 'Undefined variable $title', 'C:\\xampp\\htdocs\\sample_view\\app\\Views\\layouts\\mainlayout.php', 20)
 2 SYSTEMPATH\View\View.php(234): include('C:\\xampp\\htdocs\\sample_view\\app\\Views\\layouts\\mainlayout.php')
 3 SYSTEMPATH\View\View.php(237): CodeIgniter\View\View->CodeIgniter\View\{closure}()
 4 SYSTEMPATH\View\View.php(250): CodeIgniter\View\View->render('layouts/mainlayout', [], true)
 5 SYSTEMPATH\Common.php(1171): CodeIgniter\View\View->render('login_view', [], true)
 6 APPPATH\Controllers\Users.php(17): view('login_view')
 7 SYSTEMPATH\CodeIgniter.php(933): App\Controllers\Users->login()
 8 SYSTEMPATH\CodeIgniter.php(509): CodeIgniter\CodeIgniter->runController(Object(App\Controllers\Users))
 9 SYSTEMPATH\CodeIgniter.php(355): CodeIgniter\CodeIgniter->handleRequest(null, Object(Config\Cache), false)
10 SYSTEMPATH\Boot.php(325): CodeIgniter\CodeIgniter->run()
11 SYSTEMPATH\Boot.php(67): CodeIgniter\Boot::runCodeIgniter(Object(CodeIgniter\CodeIgniter))
12 FCPATH\index.php(57): CodeIgniter\Boot::bootWeb(Object(Config\Paths))
CRITICAL - 2024-11-06 09:48:41 --> ErrorException: Undefined variable $title
[Method: GET, Route: users/login]
in APPPATH\Views\layouts\mainlayout.php on line 20.
 1 APPPATH\Views\layouts\mainlayout.php(20): CodeIgniter\Debug\Exceptions->errorHandler(2, 'Undefined variable $title', 'C:\\xampp\\htdocs\\sample_view\\app\\Views\\layouts\\mainlayout.php', 20)
 2 SYSTEMPATH\View\View.php(234): include('C:\\xampp\\htdocs\\sample_view\\app\\Views\\layouts\\mainlayout.php')
 3 SYSTEMPATH\View\View.php(237): CodeIgniter\View\View->CodeIgniter\View\{closure}()
 4 SYSTEMPATH\View\View.php(250): CodeIgniter\View\View->render('layouts/mainlayout', [], true)
 5 SYSTEMPATH\Common.php(1171): CodeIgniter\View\View->render('login_view', [], true)
 6 APPPATH\Controllers\Users.php(17): view('login_view')
 7 SYSTEMPATH\CodeIgniter.php(933): App\Controllers\Users->login()
 8 SYSTEMPATH\CodeIgniter.php(509): CodeIgniter\CodeIgniter->runController(Object(App\Controllers\Users))
 9 SYSTEMPATH\CodeIgniter.php(355): CodeIgniter\CodeIgniter->handleRequest(null, Object(Config\Cache), false)
10 SYSTEMPATH\Boot.php(325): CodeIgniter\CodeIgniter->run()
11 SYSTEMPATH\Boot.php(67): CodeIgniter\Boot::runCodeIgniter(Object(CodeIgniter\CodeIgniter))
12 FCPATH\index.php(57): CodeIgniter\Boot::bootWeb(Object(Config\Paths))
CRITICAL - 2024-11-06 09:48:41 --> ErrorException: Undefined variable $title
[Method: GET, Route: users/login]
in APPPATH\Views\layouts\mainlayout.php on line 20.
 1 APPPATH\Views\layouts\mainlayout.php(20): CodeIgniter\Debug\Exceptions->errorHandler(2, 'Undefined variable $title', 'C:\\xampp\\htdocs\\sample_view\\app\\Views\\layouts\\mainlayout.php', 20)
 2 SYSTEMPATH\View\View.php(234): include('C:\\xampp\\htdocs\\sample_view\\app\\Views\\layouts\\mainlayout.php')
 3 SYSTEMPATH\View\View.php(237): CodeIgniter\View\View->CodeIgniter\View\{closure}()
 4 SYSTEMPATH\View\View.php(250): CodeIgniter\View\View->render('layouts/mainlayout', [], true)
 5 SYSTEMPATH\Common.php(1171): CodeIgniter\View\View->render('login_view', [], true)
 6 APPPATH\Controllers\Users.php(17): view('login_view')
 7 SYSTEMPATH\CodeIgniter.php(933): App\Controllers\Users->login()
 8 SYSTEMPATH\CodeIgniter.php(509): CodeIgniter\CodeIgniter->runController(Object(App\Controllers\Users))
 9 SYSTEMPATH\CodeIgniter.php(355): CodeIgniter\CodeIgniter->handleRequest(null, Object(Config\Cache), false)
10 SYSTEMPATH\Boot.php(325): CodeIgniter\CodeIgniter->run()
11 SYSTEMPATH\Boot.php(67): CodeIgniter\Boot::runCodeIgniter(Object(CodeIgniter\CodeIgniter))
12 FCPATH\index.php(57): CodeIgniter\Boot::bootWeb(Object(Config\Paths))
CRITICAL - 2024-11-06 09:48:41 --> ErrorException: Undefined variable $title
[Method: GET, Route: users/login]
in APPPATH\Views\layouts\mainlayout.php on line 20.
 1 APPPATH\Views\layouts\mainlayout.php(20): CodeIgniter\Debug\Exceptions->errorHandler(2, 'Undefined variable $title', 'C:\\xampp\\htdocs\\sample_view\\app\\Views\\layouts\\mainlayout.php', 20)
 2 SYSTEMPATH\View\View.php(234): include('C:\\xampp\\htdocs\\sample_view\\app\\Views\\layouts\\mainlayout.php')
 3 SYSTEMPATH\View\View.php(237): CodeIgniter\View\View->CodeIgniter\View\{closure}()
 4 SYSTEMPATH\View\View.php(250): CodeIgniter\View\View->render('layouts/mainlayout', [], true)
 5 SYSTEMPATH\Common.php(1171): CodeIgniter\View\View->render('login_view', [], true)
 6 APPPATH\Controllers\Users.php(17): view('login_view')
 7 SYSTEMPATH\CodeIgniter.php(933): App\Controllers\Users->login()
 8 SYSTEMPATH\CodeIgniter.php(509): CodeIgniter\CodeIgniter->runController(Object(App\Controllers\Users))
 9 SYSTEMPATH\CodeIgniter.php(355): CodeIgniter\CodeIgniter->handleRequest(null, Object(Config\Cache), false)
10 SYSTEMPATH\Boot.php(325): CodeIgniter\CodeIgniter->run()
11 SYSTEMPATH\Boot.php(67): CodeIgniter\Boot::runCodeIgniter(Object(CodeIgniter\CodeIgniter))
12 FCPATH\index.php(57): CodeIgniter\Boot::bootWeb(Object(Config\Paths))
CRITICAL - 2024-11-06 09:48:42 --> ErrorException: Undefined variable $title
[Method: GET, Route: users/login]
in APPPATH\Views\layouts\mainlayout.php on line 20.
 1 APPPATH\Views\layouts\mainlayout.php(20): CodeIgniter\Debug\Exceptions->errorHandler(2, 'Undefined variable $title', 'C:\\xampp\\htdocs\\sample_view\\app\\Views\\layouts\\mainlayout.php', 20)
 2 SYSTEMPATH\View\View.php(234): include('C:\\xampp\\htdocs\\sample_view\\app\\Views\\layouts\\mainlayout.php')
 3 SYSTEMPATH\View\View.php(237): CodeIgniter\View\View->CodeIgniter\View\{closure}()
 4 SYSTEMPATH\View\View.php(250): CodeIgniter\View\View->render('layouts/mainlayout', [], true)
 5 SYSTEMPATH\Common.php(1171): CodeIgniter\View\View->render('login_view', [], true)
 6 APPPATH\Controllers\Users.php(17): view('login_view')
 7 SYSTEMPATH\CodeIgniter.php(933): App\Controllers\Users->login()
 8 SYSTEMPATH\CodeIgniter.php(509): CodeIgniter\CodeIgniter->runController(Object(App\Controllers\Users))
 9 SYSTEMPATH\CodeIgniter.php(355): CodeIgniter\CodeIgniter->handleRequest(null, Object(Config\Cache), false)
10 SYSTEMPATH\Boot.php(325): CodeIgniter\CodeIgniter->run()
11 SYSTEMPATH\Boot.php(67): CodeIgniter\Boot::runCodeIgniter(Object(CodeIgniter\CodeIgniter))
12 FCPATH\index.php(57): CodeIgniter\Boot::bootWeb(Object(Config\Paths))
CRITICAL - 2024-11-06 09:48:42 --> ErrorException: Undefined variable $title
[Method: GET, Route: users/login]
in APPPATH\Views\layouts\mainlayout.php on line 20.
 1 APPPATH\Views\layouts\mainlayout.php(20): CodeIgniter\Debug\Exceptions->errorHandler(2, 'Undefined variable $title', 'C:\\xampp\\htdocs\\sample_view\\app\\Views\\layouts\\mainlayout.php', 20)
 2 SYSTEMPATH\View\View.php(234): include('C:\\xampp\\htdocs\\sample_view\\app\\Views\\layouts\\mainlayout.php')
 3 SYSTEMPATH\View\View.php(237): CodeIgniter\View\View->CodeIgniter\View\{closure}()
 4 SYSTEMPATH\View\View.php(250): CodeIgniter\View\View->render('layouts/mainlayout', [], true)
 5 SYSTEMPATH\Common.php(1171): CodeIgniter\View\View->render('login_view', [], true)
 6 APPPATH\Controllers\Users.php(17): view('login_view')
 7 SYSTEMPATH\CodeIgniter.php(933): App\Controllers\Users->login()
 8 SYSTEMPATH\CodeIgniter.php(509): CodeIgniter\CodeIgniter->runController(Object(App\Controllers\Users))
 9 SYSTEMPATH\CodeIgniter.php(355): CodeIgniter\CodeIgniter->handleRequest(null, Object(Config\Cache), false)
10 SYSTEMPATH\Boot.php(325): CodeIgniter\CodeIgniter->run()
11 SYSTEMPATH\Boot.php(67): CodeIgniter\Boot::runCodeIgniter(Object(CodeIgniter\CodeIgniter))
12 FCPATH\index.php(57): CodeIgniter\Boot::bootWeb(Object(Config\Paths))
